<?xml version="1.0" encoding="UTF-8"?>
<!-- Generated by org.testng.reporters.JUnitReportReporter -->
<testsuite skipped="0" hostname="LAPTOP-9R8O7VC2" name="org.automation.testcases.TC_002_RegisterNewUser" tests="4" failures="0" timestamp="25 Dec 2019 18:41:40 GMT" time="33.508" errors="0">
  <testcase name="tc002_register_new_user" time="8.364" classname="org.automation.testcases.TC_002_RegisterNewUser"/>
  <testcase name="tc002_register_new_user" time="8.635" classname="org.automation.testcases.TC_002_RegisterNewUser"/>
  <testcase name="tc002_register_new_user" time="8.450" classname="org.automation.testcases.TC_002_RegisterNewUser"/>
  <testcase name="tc002_register_new_user" time="8.059" classname="org.automation.testcases.TC_002_RegisterNewUser"/>
</testsuite> <!-- org.automation.testcases.TC_002_RegisterNewUser -->
