<?xml version="1.0" encoding="UTF-8"?>
<!-- Generated by org.testng.reporters.JUnitReportReporter -->
<testsuite skipped="0" hostname="LAPTOP-9R8O7VC2" name="org.automation.testcases.TC_002_RegisterNewUser" tests="4" failures="0" timestamp="03 Jan 2020 17:51:51 GMT" time="39.502" errors="0">
  <testcase name="tc002_register_new_user" time="12.662" classname="org.automation.testcases.TC_002_RegisterNewUser"/>
  <testcase name="tc002_register_new_user" time="8.956" classname="org.automation.testcases.TC_002_RegisterNewUser"/>
  <testcase name="tc002_register_new_user" time="8.704" classname="org.automation.testcases.TC_002_RegisterNewUser"/>
  <testcase name="tc002_register_new_user" time="9.180" classname="org.automation.testcases.TC_002_RegisterNewUser"/>
</testsuite> <!-- org.automation.testcases.TC_002_RegisterNewUser -->
