<?xml version="1.0" encoding="UTF-8"?>
<!-- Generated by org.testng.reporters.JUnitReportReporter -->
<testsuite skipped="0" hostname="LAPTOP-9R8O7VC2" name="org.automation.testcases.TC_001_ValidateLoginFunctionality" tests="4" failures="0" timestamp="25 Dec 2019 18:41:40 GMT" time="49.041" errors="0">
  <testcase name="tc001_login_functionality" time="14.620" classname="org.automation.testcases.TC_001_ValidateLoginFunctionality"/>
  <testcase name="tc001_login_functionality" time="10.065" classname="org.automation.testcases.TC_001_ValidateLoginFunctionality"/>
  <testcase name="tc001_login_functionality" time="13.985" classname="org.automation.testcases.TC_001_ValidateLoginFunctionality"/>
  <testcase name="tc001_login_functionality" time="10.371" classname="org.automation.testcases.TC_001_ValidateLoginFunctionality"/>
</testsuite> <!-- org.automation.testcases.TC_001_ValidateLoginFunctionality -->
