<?xml version="1.0" encoding="UTF-8"?>
<!-- Generated by org.testng.reporters.JUnitReportReporter -->
<testsuite skipped="0" hostname="LAPTOP-9R8O7VC2" name="org.automation.testcases.TC_001_ValidateLoginFunctionality" tests="4" failures="0" timestamp="03 Jan 2020 17:51:51 GMT" time="45.653" errors="0">
  <testcase name="tc001_login_functionality" time="14.318" classname="org.automation.testcases.TC_001_ValidateLoginFunctionality"/>
  <testcase name="tc001_login_functionality" time="10.267" classname="org.automation.testcases.TC_001_ValidateLoginFunctionality"/>
  <testcase name="tc001_login_functionality" time="10.377" classname="org.automation.testcases.TC_001_ValidateLoginFunctionality"/>
  <testcase name="tc001_login_functionality" time="10.691" classname="org.automation.testcases.TC_001_ValidateLoginFunctionality"/>
</testsuite> <!-- org.automation.testcases.TC_001_ValidateLoginFunctionality -->
